Using pre-set license
Built from '2020.3/staging' branch; Version is '2020.3.17f1 (a4537701e4ab) revision 10769271'; Using compiler version '192528614'; Build Type 'Release'
OS: 'Windows 10 Education; OS build 18363.836; Version 1909; 64bit' Language: 'pt' Physical Memory: 16303 MB
BatchMode: 1, IsHumanControllingUs: 0, StartBugReporterOnCrash: 0, Is64bit: 1, IsPro: 0

COMMAND LINE ARGUMENTS:
C:\Program Files\Unity\Hub\Editor\2020.3.17f1\Editor\Unity.exe
-adb2
-batchMode
-noUpm
-name
AssetImportWorker3
-projectPath
C:/Unity/Trapdoor Hero
-logFile
Logs/AssetImportWorker3.log
-srvPort
61391
Successfully changed project path to: C:/Unity/Trapdoor Hero
C:/Unity/Trapdoor Hero
Using Asset Import Pipeline V2.
Refreshing native plugins compatible for Editor in 132.92 ms, found 2 plugins.
Preloading 0 native plugins for Editor in 0.00 ms.
Initialize engine version: 2020.3.17f1 (a4537701e4ab)
[Subsystems] Discovering subsystems at path C:/Program Files/Unity/Hub/Editor/2020.3.17f1/Editor/Data/Resources/UnitySubsystems
[Subsystems] Discovering subsystems at path C:/Unity/Trapdoor Hero/Assets
GfxDevice: creating device client; threaded=0
Direct3D:
    Version:  Direct3D 11.0 [level 11.0]
    Renderer: NVIDIA GeForce GTX 960M (ID=0x139b)
    Vendor:   
    VRAM:     4055 MB
    Driver:   30.0.14.7111
Initialize mono
Mono path[0] = 'C:/Program Files/Unity/Hub/Editor/2020.3.17f1/Editor/Data/Managed'
Mono path[1] = 'C:/Program Files/Unity/Hub/Editor/2020.3.17f1/Editor/Data/MonoBleedingEdge/lib/mono/unityjit'
Mono config path = 'C:/Program Files/Unity/Hub/Editor/2020.3.17f1/Editor/Data/MonoBleedingEdge/etc'
Using monoOptions --debugger-agent=transport=dt_socket,embedding=1,server=y,suspend=n,address=127.0.0.1:56544
Begin MonoManager ReloadAssembly
Registering precompiled unity dll's ...
Register platform support module: C:/Program Files/Unity/Hub/Editor/2020.3.17f1/Editor/Data/PlaybackEngines/WebGLSupport/UnityEditor.WebGL.Extensions.dll
Register platform support module: C:/Program Files/Unity/Hub/Editor/2020.3.17f1/Editor/Data/PlaybackEngines/WindowsStandaloneSupport/UnityEditor.WindowsStandalone.Extensions.dll
Registered in 0.003603 seconds.
Native extension for WindowsStandalone target not found
Native extension for WebGL target not found
Refreshing native plugins compatible for Editor in 189.40 ms, found 2 plugins.
Preloading 0 native plugins for Editor in 0.00 ms.
Mono: successfully reloaded assembly
- Completed reload, in  7.586 seconds
Domain Reload Profiling:
	ReloadAssembly (7587ms)
		BeginReloadAssembly (173ms)
			ExecutionOrderSort (0ms)
			DisableScriptedObjects (0ms)
			BackupInstance (0ms)
			ReleaseScriptingObjects (0ms)
			CreateAndSetChildDomain (2ms)
		EndReloadAssembly (1380ms)
			LoadAssemblies (149ms)
			RebuildTransferFunctionScriptingTraits (1ms)
			SetupTypeCache (376ms)
			ReleaseScriptCaches (0ms)
			RebuildScriptCaches (144ms)
			SetupLoadedEditorAssemblies (596ms)
				LogAssemblyErrors (0ms)
				InitializePlatformSupportModulesInManaged (12ms)
				SetLoadedEditorAssemblies (1ms)
				RefreshPlugins (190ms)
				BeforeProcessingInitializeOnLoad (69ms)
				ProcessInitializeOnLoadAttributes (237ms)
				ProcessInitializeOnLoadMethodAttributes (87ms)
				AfterProcessingInitializeOnLoad (0ms)
				EditorAssembliesLoaded (0ms)
			ExecutionOrderSort2 (0ms)
			AwakeInstancesAfterBackupRestoration (0ms)
Platform modules already initialized, skipping
Registering precompiled user dll's ...
Registered in 0.010295 seconds.
Begin MonoManager ReloadAssembly
Native extension for WindowsStandalone target not found
Native extension for WebGL target not found
Refreshing native plugins compatible for Editor in 124.12 ms, found 2 plugins.
Preloading 0 native plugins for Editor in 0.00 ms.
Mono: successfully reloaded assembly
- Completed reload, in  3.394 seconds
Domain Reload Profiling:
	ReloadAssembly (3397ms)
		BeginReloadAssembly (322ms)
			ExecutionOrderSort (0ms)
			DisableScriptedObjects (15ms)
			BackupInstance (0ms)
			ReleaseScriptingObjects (0ms)
			CreateAndSetChildDomain (47ms)
		EndReloadAssembly (2949ms)
			LoadAssemblies (213ms)
			RebuildTransferFunctionScriptingTraits (0ms)
			SetupTypeCache (764ms)
			ReleaseScriptCaches (1ms)
			RebuildScriptCaches (184ms)
			SetupLoadedEditorAssemblies (1409ms)
				LogAssemblyErrors (0ms)
				InitializePlatformSupportModulesInManaged (10ms)
				SetLoadedEditorAssemblies (0ms)
				RefreshPlugins (124ms)
				BeforeProcessingInitializeOnLoad (245ms)
				ProcessInitializeOnLoadAttributes (1004ms)
				ProcessInitializeOnLoadMethodAttributes (11ms)
				AfterProcessingInitializeOnLoad (13ms)
				EditorAssembliesLoaded (1ms)
			ExecutionOrderSort2 (0ms)
			AwakeInstancesAfterBackupRestoration (12ms)
Platform modules already initialized, skipping
========================================================================
Worker process is ready to serve import requests
Launched and connected shader compiler UnityShaderCompiler.exe after 0.10 seconds
Refreshing native plugins compatible for Editor in 2.25 ms, found 2 plugins.
Preloading 0 native plugins for Editor in 0.00 ms.
Unloading 2705 Unused Serialized files (Serialized files now loaded: 0)
System memory in use before: 123.6 MB.
System memory in use after: 123.8 MB.

Unloading 19 unused Assets to reduce memory usage. Loaded Objects now: 3136.
Total: 5.236600 ms (FindLiveObjects: 0.506100 ms CreateObjectMapping: 0.272800 ms MarkObjects: 4.239500 ms  DeleteObjects: 0.216500 ms)

AssetImportParameters requested are different than current active one (requested -> active):
  custom:framework-win-MediaFoundation: 216162199b28c13a410421893ffa2e32 -> 
  custom:video-decoder-ogg-theora: a1e56fd34408186e4bbccfd4996cb3dc -> 
  custom:container-muxer-webm: aa71ff27fc2769a1b78a27578f13a17b -> 
  custom:container-demuxer-webm: 4f35f7cbe854078d1ac9338744f61a02 -> 
  custom:container-demuxer-ogg: 62fdf1f143b41e24485cea50d1cbac27 -> 
  custom:video-encoder-webm-vp8: eb34c28f22e8b96e1ab97ce403110664 -> 
  custom:video-decoder-webm-vp8: 9c59270c3fd7afecdb556c50c9e8de78 -> 
  custom:audio-decoder-ogg-vorbis: bf7c407c2cedff20999df2af8eb42d56 -> 
  custom:audio-encoder-webm-vorbis: bf7c407c2cedff20999df2af8eb42d56 -> 
========================================================================
Received Import Request.
  path: Assets/Scenes
  artifactKey: Guid(865be4f042b3bed4b80d4040fe51adf1) Importer(815301076,1909f56bfc062723c751e8b465ee728b)
Start importing Assets/Scenes using Guid(865be4f042b3bed4b80d4040fe51adf1) Importer(815301076,1909f56bfc062723c751e8b465ee728b)  -> (artifact id: 'da372f683ae1a29d28cc1dd0535dcef0') in 0.017448 seconds 
  Import took 0.023886 seconds .

========================================================================
Received Import Request.
  Time since last request: 0.000243 seconds.
  path: Assets/Presets/AudioStreaming.preset
  artifactKey: Guid(86bcce7f5575b54408aa0f3a7d321039) Importer(815301076,1909f56bfc062723c751e8b465ee728b)
Start importing Assets/Presets/AudioStreaming.preset using Guid(86bcce7f5575b54408aa0f3a7d321039) Importer(815301076,1909f56bfc062723c751e8b465ee728b)  -> (artifact id: '9982fbd60bc57b892b2c54d34a0163c0') in 0.098575 seconds 
  Import took 0.104576 seconds .

========================================================================
Received Import Request.
  Time since last request: 0.000266 seconds.
  path: Assets/Presets/AudioCompressedInMemory.preset
  artifactKey: Guid(2dd802e4d37c65149922028d3e973832) Importer(815301076,1909f56bfc062723c751e8b465ee728b)
Start importing Assets/Presets/AudioCompressedInMemory.preset using Guid(2dd802e4d37c65149922028d3e973832) Importer(815301076,1909f56bfc062723c751e8b465ee728b)  -> (artifact id: 'ac4de02398cfe62c06251b0f50233ebf') in 0.007408 seconds 
  Import took 0.014831 seconds .

========================================================================
Received Import Request.
  Time since last request: 0.000288 seconds.
  path: Assets/Presets/Defaults/AlbedoTexture_Default.preset
  artifactKey: Guid(e8537455c6c08bd4e8bf0be3707da685) Importer(815301076,1909f56bfc062723c751e8b465ee728b)
Start importing Assets/Presets/Defaults/AlbedoTexture_Default.preset using Guid(e8537455c6c08bd4e8bf0be3707da685) Importer(815301076,1909f56bfc062723c751e8b465ee728b)  -> (artifact id: 'a39f5c6fcb9ea97bf434963b23d33ea7') in 0.007963 seconds 
  Import took 0.013330 seconds .

========================================================================
Received Import Request.
  Time since last request: 0.000243 seconds.
  path: Assets/Presets/NormalTexture.preset
  artifactKey: Guid(14a57cf3b9fa1c74b884aa7e0dcf1faa) Importer(815301076,1909f56bfc062723c751e8b465ee728b)
Start importing Assets/Presets/NormalTexture.preset using Guid(14a57cf3b9fa1c74b884aa7e0dcf1faa) Importer(815301076,1909f56bfc062723c751e8b465ee728b)  -> (artifact id: '9c195482fc53bc4f53f643643f636469') in 0.022047 seconds 
  Import took 0.030884 seconds .

========================================================================
Received Import Request.
  Time since last request: 0.000256 seconds.
  path: Assets/Presets/Defaults/AudioDecompressOnLoad.preset
  artifactKey: Guid(e7689051185d12f4298e1ebb2693a29f) Importer(815301076,1909f56bfc062723c751e8b465ee728b)
Start importing Assets/Presets/Defaults/AudioDecompressOnLoad.preset using Guid(e7689051185d12f4298e1ebb2693a29f) Importer(815301076,1909f56bfc062723c751e8b465ee728b)  -> (artifact id: '89d1cf06e67cef88edace491fed66d7e') in 0.007974 seconds 
  Import took 0.014092 seconds .

========================================================================
Received Import Request.
  Time since last request: 0.000210 seconds.
  path: Assets/Presets/UtilityTexture.preset
  artifactKey: Guid(45f7b2e3c78185248b3adbb14429c2ab) Importer(815301076,1909f56bfc062723c751e8b465ee728b)
Start importing Assets/Presets/UtilityTexture.preset using Guid(45f7b2e3c78185248b3adbb14429c2ab) Importer(815301076,1909f56bfc062723c751e8b465ee728b)  -> (artifact id: 'ab9c1faeeb59b745cafa0ae79c874a42') in 0.010679 seconds 
  Import took 0.022103 seconds .

========================================================================
Received Import Request.
  Time since last request: 0.000472 seconds.
  path: Assets/Presets/Defaults/DirectionalLight_Default.preset
  artifactKey: Guid(463065d4f17d1d94d848aa127b94dd43) Importer(815301076,1909f56bfc062723c751e8b465ee728b)
Start importing Assets/Presets/Defaults/DirectionalLight_Default.preset using Guid(463065d4f17d1d94d848aa127b94dd43) Importer(815301076,1909f56bfc062723c751e8b465ee728b)  -> (artifact id: '51a078c6ae54eb254be36a9378726b4a') in 0.010360 seconds 
  Import took 0.023193 seconds .

========================================================================
Received Import Request.
  Time since last request: 0.000544 seconds.
  path: Assets/Readme.asset
  artifactKey: Guid(83c2ed844a8c74b779a4c823d16594b1) Importer(815301076,1909f56bfc062723c751e8b465ee728b)
Start importing Assets/Readme.asset using Guid(83c2ed844a8c74b779a4c823d16594b1) Importer(815301076,1909f56bfc062723c751e8b465ee728b)  -> (artifact id: '8ffd2c44ffeb50c574abb5d0c4453328') in 0.017371 seconds 
  Import took 0.030877 seconds .

========================================================================
Received Import Request.
  Time since last request: 3.291362 seconds.
  path: Assets/Scenes/test.unity
  artifactKey: Guid(a2f3264bfbf9d4c4fac7f61965eda5b5) Importer(815301076,1909f56bfc062723c751e8b465ee728b)
Start importing Assets/Scenes/test.unity using Guid(a2f3264bfbf9d4c4fac7f61965eda5b5) Importer(815301076,1909f56bfc062723c751e8b465ee728b)  -> (artifact id: '049e28eeb84a582222c916f118d3f906') in 0.033343 seconds 
  Import took 0.046652 seconds .

========================================================================
Received Import Request.
  Time since last request: 0.001180 seconds.
  path: Assets/Scenes/test.unity
  artifactKey: Guid(a2f3264bfbf9d4c4fac7f61965eda5b5) Importer(815301076,1909f56bfc062723c751e8b465ee728b)
Start importing Assets/Scenes/test.unity using Guid(a2f3264bfbf9d4c4fac7f61965eda5b5) Importer(815301076,1909f56bfc062723c751e8b465ee728b)  -> (artifact id: '049e28eeb84a582222c916f118d3f906') in 0.011111 seconds 
  Import took 0.023092 seconds .

========================================================================
Received Import Request.
  Time since last request: 1.846168 seconds.
  path: Assets/Scenes/SampleScene.unity
  artifactKey: Guid(d1c3109bdb54ad54c8a2b2838528e640) Importer(815301076,1909f56bfc062723c751e8b465ee728b)
Start importing Assets/Scenes/SampleScene.unity using Guid(d1c3109bdb54ad54c8a2b2838528e640) Importer(815301076,1909f56bfc062723c751e8b465ee728b)  -> (artifact id: '1a7c01bc8ed57adf1ede3d700e613d7f') in 0.011863 seconds 
  Import took 0.022036 seconds .

========================================================================
Received Import Request.
  Time since last request: 9.402972 seconds.
  path: Assets/Settings/ForwardRenderer.asset
  artifactKey: Guid(4a8e21d5c33334b11b34a596161b9360) Importer(815301076,1909f56bfc062723c751e8b465ee728b)
Start importing Assets/Settings/ForwardRenderer.asset using Guid(4a8e21d5c33334b11b34a596161b9360) Importer(815301076,1909f56bfc062723c751e8b465ee728b)  -> (artifact id: '63cf95242464b0f1307a08bc2392aaaa') in 0.016685 seconds 
  Import took 0.054419 seconds .

========================================================================
Received Import Request.
  Time since last request: 0.000143 seconds.
  path: Assets/Settings/SampleSceneProfile.asset
  artifactKey: Guid(10fc4df2da32a41aaa32d77bc913491c) Importer(815301076,1909f56bfc062723c751e8b465ee728b)
Start importing Assets/Settings/SampleSceneProfile.asset using Guid(10fc4df2da32a41aaa32d77bc913491c) Importer(815301076,1909f56bfc062723c751e8b465ee728b)  -> (artifact id: 'd2b3f476ab718b1cf20d183dd9addfe7') in 0.059519 seconds 
  Import took 0.071645 seconds .

========================================================================
Received Import Request.
  Time since last request: 0.000263 seconds.
  path: Assets/Settings/UniversalRP-LowQuality.asset
  artifactKey: Guid(a31e9f9f9c9d4b9429ed0d1234e22103) Importer(815301076,1909f56bfc062723c751e8b465ee728b)
Start importing Assets/Settings/UniversalRP-LowQuality.asset using Guid(a31e9f9f9c9d4b9429ed0d1234e22103) Importer(815301076,1909f56bfc062723c751e8b465ee728b)  -> (artifact id: 'b226a0bb157262eadf686f6bb5b5f1f8') in 0.038080 seconds 
  Import took 0.048322 seconds .

========================================================================
Received Import Request.
  Time since last request: 0.000334 seconds.
  path: Assets/Settings/UniversalRP-MediumQuality.asset
  artifactKey: Guid(d847b876476d3d6468f5dfcd34266f96) Importer(815301076,1909f56bfc062723c751e8b465ee728b)
Start importing Assets/Settings/UniversalRP-MediumQuality.asset using Guid(d847b876476d3d6468f5dfcd34266f96) Importer(815301076,1909f56bfc062723c751e8b465ee728b)  -> (artifact id: 'd421f548a6507a11f25ec3578746e9c1') in 0.012390 seconds 
  Import took 0.055070 seconds .

========================================================================
Received Import Request.
  Time since last request: 0.000378 seconds.
  path: Assets/Settings/UniversalRP-HighQuality.asset
  artifactKey: Guid(19ba41d7c0026c3459d37c2fe90c55a0) Importer(815301076,1909f56bfc062723c751e8b465ee728b)
Start importing Assets/Settings/UniversalRP-HighQuality.asset using Guid(19ba41d7c0026c3459d37c2fe90c55a0) Importer(815301076,1909f56bfc062723c751e8b465ee728b)  -> (artifact id: '02e18c1f933b70f494440bf5e7626866') in 0.048023 seconds 
  Import took 0.063830 seconds .

========================================================================
Received Import Request.
  Time since last request: 9.468854 seconds.
  path: Assets/Presets/Defaults
  artifactKey: Guid(71ea82b02df99c2439e0dc8e4e1ebc24) Importer(815301076,1909f56bfc062723c751e8b465ee728b)
Start importing Assets/Presets/Defaults using Guid(71ea82b02df99c2439e0dc8e4e1ebc24) Importer(815301076,1909f56bfc062723c751e8b465ee728b)  -> (artifact id: 'a2a56981c996a89ef789297d7a3fb242') in 0.011019 seconds 
  Import took 0.025284 seconds .

========================================================================
Received Prepare
Registering precompiled user dll's ...
Registered in 0.007888 seconds.
Begin MonoManager ReloadAssembly
Native extension for WindowsStandalone target not found
Native extension for WebGL target not found
Refreshing native plugins compatible for Editor in 1.21 ms, found 2 plugins.
Preloading 0 native plugins for Editor in 0.00 ms.
Mono: successfully reloaded assembly
- Completed reload, in  3.084 seconds
Domain Reload Profiling:
	ReloadAssembly (3085ms)
		BeginReloadAssembly (334ms)
			ExecutionOrderSort (0ms)
			DisableScriptedObjects (9ms)
			BackupInstance (0ms)
			ReleaseScriptingObjects (0ms)
			CreateAndSetChildDomain (107ms)
		EndReloadAssembly (2603ms)
			LoadAssemblies (252ms)
			RebuildTransferFunctionScriptingTraits (0ms)
			SetupTypeCache (734ms)
			ReleaseScriptCaches (5ms)
			RebuildScriptCaches (129ms)
			SetupLoadedEditorAssemblies (1220ms)
				LogAssemblyErrors (0ms)
				InitializePlatformSupportModulesInManaged (9ms)
				SetLoadedEditorAssemblies (1ms)
				RefreshPlugins (1ms)
				BeforeProcessingInitializeOnLoad (315ms)
				ProcessInitializeOnLoadAttributes (875ms)
				ProcessInitializeOnLoadMethodAttributes (8ms)
				AfterProcessingInitializeOnLoad (10ms)
				EditorAssembliesLoaded (0ms)
			ExecutionOrderSort2 (0ms)
			AwakeInstancesAfterBackupRestoration (28ms)
Platform modules already initialized, skipping
Refreshing native plugins compatible for Editor in 1.40 ms, found 2 plugins.
Preloading 0 native plugins for Editor in 0.00 ms.
Unloading 2594 Unused Serialized files (Serialized files now loaded: 0)
System memory in use before: 116.4 MB.
System memory in use after: 116.6 MB.

Unloading 16 unused Assets to reduce memory usage. Loaded Objects now: 3138.
Total: 6.569800 ms (FindLiveObjects: 1.335500 ms CreateObjectMapping: 0.273200 ms MarkObjects: 4.888600 ms  DeleteObjects: 0.070800 ms)

AssetImportParameters requested are different than current active one (requested -> active):
  custom:framework-win-MediaFoundation: 216162199b28c13a410421893ffa2e32 -> 
  custom:video-decoder-ogg-theora: a1e56fd34408186e4bbccfd4996cb3dc -> 
  custom:container-muxer-webm: aa71ff27fc2769a1b78a27578f13a17b -> 
  custom:container-demuxer-webm: 4f35f7cbe854078d1ac9338744f61a02 -> 
  custom:container-demuxer-ogg: 62fdf1f143b41e24485cea50d1cbac27 -> 
  custom:video-encoder-webm-vp8: eb34c28f22e8b96e1ab97ce403110664 -> 
  custom:video-decoder-webm-vp8: 9c59270c3fd7afecdb556c50c9e8de78 -> 
  custom:audio-decoder-ogg-vorbis: bf7c407c2cedff20999df2af8eb42d56 -> 
  custom:audio-encoder-webm-vorbis: bf7c407c2cedff20999df2af8eb42d56 -> 
========================================================================
Received Import Request.
  Time since last request: 25.774198 seconds.
  path: Assets/Meshes
  artifactKey: Guid(dbf72e055092e82408c125f4434d0d30) Importer(815301076,1909f56bfc062723c751e8b465ee728b)
Start importing Assets/Meshes using Guid(dbf72e055092e82408c125f4434d0d30) Importer(815301076,1909f56bfc062723c751e8b465ee728b)  -> (artifact id: '07192c54d293765c3958c3220cc9fa67') in 0.018899 seconds 
  Import took 0.038050 seconds .

========================================================================
Received Import Request.
  Time since last request: 25.442289 seconds.
  path: Assets/Meshes/items.png
  artifactKey: Guid(45acf813304e19346a05dc1963b698ac) Importer(815301076,1909f56bfc062723c751e8b465ee728b)
Start importing Assets/Meshes/items.png using Guid(45acf813304e19346a05dc1963b698ac) Importer(815301076,1909f56bfc062723c751e8b465ee728b)  -> (artifact id: '0e99975b92a78b5413a54d7a266d3266') in 0.335318 seconds 
  Import took 0.346224 seconds .

========================================================================
Received Import Request.
  Time since last request: 0.653218 seconds.
  path: Assets/Meshes/meshes_enemies.qbcl
  artifactKey: Guid(578f07e986d130f4993838bb6e14d01e) Importer(815301076,1909f56bfc062723c751e8b465ee728b)
Start importing Assets/Meshes/meshes_enemies.qbcl using Guid(578f07e986d130f4993838bb6e14d01e) Importer(815301076,1909f56bfc062723c751e8b465ee728b)  -> (artifact id: '68940ea704377529a4df1f857928b676') in 0.015232 seconds 
  Import took 0.039547 seconds .

========================================================================
Received Import Request.
  Time since last request: 53.483192 seconds.
  path: Assets/Meshes/items.fbx
  artifactKey: Guid(2ac14b7a93d30414599372aa18b5c635) Importer(815301076,1909f56bfc062723c751e8b465ee728b)
Start importing Assets/Meshes/items.fbx using Guid(2ac14b7a93d30414599372aa18b5c635) Importer(815301076,1909f56bfc062723c751e8b465ee728b)  -> (artifact id: '9bf020b12df27f18a468a32619001b97') in 2.807508 seconds 
  Import took 2.822369 seconds .

========================================================================
Received Import Request.
  Time since last request: 26.828328 seconds.
  path: Assets/Meshes/items.fbx
  artifactKey: Guid(2ac14b7a93d30414599372aa18b5c635) Importer(815301076,1909f56bfc062723c751e8b465ee728b)
Start importing Assets/Meshes/items.fbx using Guid(2ac14b7a93d30414599372aa18b5c635) Importer(815301076,1909f56bfc062723c751e8b465ee728b)  -> (artifact id: '3839cb893d4d7b964fc7b3fc53899044') in 0.103803 seconds 
  Import took 0.112823 seconds .

========================================================================
Received Import Request.
  Time since last request: 13.265636 seconds.
  path: Assets/Meshes/items.png
  artifactKey: Guid(45acf813304e19346a05dc1963b698ac) Importer(815301076,1909f56bfc062723c751e8b465ee728b)
Start importing Assets/Meshes/items.png using Guid(45acf813304e19346a05dc1963b698ac) Importer(815301076,1909f56bfc062723c751e8b465ee728b)  -> (artifact id: '651dd420e91945fa3101b08174dac9cf') in 0.024214 seconds 
  Import took 0.048130 seconds .

========================================================================
Received Import Request.
  Time since last request: 0.009788 seconds.
  path: Assets/Meshes/items.png
  artifactKey: Guid(45acf813304e19346a05dc1963b698ac) Importer(815301076,1909f56bfc062723c751e8b465ee728b)
Start importing Assets/Meshes/items.png using Guid(45acf813304e19346a05dc1963b698ac) Importer(815301076,1909f56bfc062723c751e8b465ee728b)  -> (artifact id: '651dd420e91945fa3101b08174dac9cf') in 0.044082 seconds 
  Import took 0.064025 seconds .

========================================================================
Received Import Request.
  Time since last request: 55.040346 seconds.
  path: Assets/Meshes/items.png
  artifactKey: Guid(45acf813304e19346a05dc1963b698ac) Importer(815301076,1909f56bfc062723c751e8b465ee728b)
Start importing Assets/Meshes/items.png using Guid(45acf813304e19346a05dc1963b698ac) Importer(815301076,1909f56bfc062723c751e8b465ee728b)  -> (artifact id: 'b68e1a381be5a1f13cd47c166089ce22') in 0.051040 seconds 
  Import took 0.068093 seconds .

========================================================================
Received Import Request.
  Time since last request: 0.027093 seconds.
  path: Assets/Meshes/items.png
  artifactKey: Guid(45acf813304e19346a05dc1963b698ac) Importer(815301076,1909f56bfc062723c751e8b465ee728b)
Start importing Assets/Meshes/items.png using Guid(45acf813304e19346a05dc1963b698ac) Importer(815301076,1909f56bfc062723c751e8b465ee728b)  -> (artifact id: 'b68e1a381be5a1f13cd47c166089ce22') in 0.040469 seconds 
  Import took 0.072661 seconds .

========================================================================
Received Import Request.
  Time since last request: 34.134622 seconds.
  path: Assets/Meshes/items.fbx
  artifactKey: Guid(2ac14b7a93d30414599372aa18b5c635) Importer(815301076,1909f56bfc062723c751e8b465ee728b)
Start importing Assets/Meshes/items.fbx using Guid(2ac14b7a93d30414599372aa18b5c635) Importer(815301076,1909f56bfc062723c751e8b465ee728b)  -> (artifact id: '2588d677704fa7399f292b6afa16f930') in 0.083763 seconds 
  Import took 0.094997 seconds .

========================================================================
Received Import Request.
  Time since last request: 985.808479 seconds.
  path: Assets/Meshes/arrow1.fbx
  artifactKey: Guid(a377091f00a60264f948cf2c07de2a6e) Importer(815301076,1909f56bfc062723c751e8b465ee728b)
Start importing Assets/Meshes/arrow1.fbx using Guid(a377091f00a60264f948cf2c07de2a6e) Importer(815301076,1909f56bfc062723c751e8b465ee728b)  -> (artifact id: 'c5afd10c3ddfd24e02a2348690d3b085') in 0.170240 seconds 
  Import took 0.195811 seconds .

========================================================================
Received Import Request.
  Time since last request: 0.000348 seconds.
  path: Assets/Meshes/creeper_torso.png
  artifactKey: Guid(5f8faa7290aea414c992fbf020e9c713) Importer(815301076,1909f56bfc062723c751e8b465ee728b)
Start importing Assets/Meshes/creeper_torso.png using Guid(5f8faa7290aea414c992fbf020e9c713) Importer(815301076,1909f56bfc062723c751e8b465ee728b)  -> (artifact id: 'c63ec29d7d8671d9c9bf6f6fe33cc867') in 0.058779 seconds 
  Import took 0.068783 seconds .

========================================================================
Received Import Request.
  Time since last request: 0.000751 seconds.
  path: Assets/Meshes/creeper_torso.fbx
  artifactKey: Guid(7c01d584e1559e6498e001df200c3248) Importer(815301076,1909f56bfc062723c751e8b465ee728b)
Start importing Assets/Meshes/creeper_torso.fbx using Guid(7c01d584e1559e6498e001df200c3248) Importer(815301076,1909f56bfc062723c751e8b465ee728b)  -> (artifact id: '786504b1e5290cf29171cf6e2be13e43') in 0.112071 seconds 
  Import took 0.125345 seconds .

========================================================================
Received Import Request.
  Time since last request: 0.000264 seconds.
  path: Assets/Meshes/creeper_head.fbx
  artifactKey: Guid(976d326af3e00e444b106ba4d103954e) Importer(815301076,1909f56bfc062723c751e8b465ee728b)
Start importing Assets/Meshes/creeper_head.fbx using Guid(976d326af3e00e444b106ba4d103954e) Importer(815301076,1909f56bfc062723c751e8b465ee728b)  -> (artifact id: 'a8539a806542f31e58ab85eda7cbcf36') in 0.135037 seconds 
  Import took 0.143373 seconds .

========================================================================
Received Import Request.
  Time since last request: 0.000274 seconds.
  path: Assets/Meshes/creeper_head.png
  artifactKey: Guid(b736c5738f98b9a45b7822621f4c8193) Importer(815301076,1909f56bfc062723c751e8b465ee728b)
Start importing Assets/Meshes/creeper_head.png using Guid(b736c5738f98b9a45b7822621f4c8193) Importer(815301076,1909f56bfc062723c751e8b465ee728b)  -> (artifact id: '873cc9a37db5619ed76968f3dae72897') in 0.063071 seconds 
  Import took 0.076563 seconds .

========================================================================
Received Import Request.
  Time since last request: 0.000343 seconds.
  path: Assets/Meshes/creeper_foot.png
  artifactKey: Guid(d75432ae3caedd245a0003e1b0969b86) Importer(815301076,1909f56bfc062723c751e8b465ee728b)
Start importing Assets/Meshes/creeper_foot.png using Guid(d75432ae3caedd245a0003e1b0969b86) Importer(815301076,1909f56bfc062723c751e8b465ee728b)  -> (artifact id: '2bbfbb126f23a94f041ec94416b10248') in 0.095661 seconds 
  Import took 0.109314 seconds .

========================================================================
Received Import Request.
  Time since last request: 0.000310 seconds.
  path: Assets/Meshes/creeper_foot.fbx
  artifactKey: Guid(f3bf6fdf73090674ebbd8c6cb6a8b106) Importer(815301076,1909f56bfc062723c751e8b465ee728b)
Start importing Assets/Meshes/creeper_foot.fbx using Guid(f3bf6fdf73090674ebbd8c6cb6a8b106) Importer(815301076,1909f56bfc062723c751e8b465ee728b)  -> (artifact id: '2540bb264e203e33f4c0f1a7496a5eb0') in 0.090140 seconds 
  Import took 0.096394 seconds .

========================================================================
Received Import Request.
  Time since last request: 0.000588 seconds.
  path: Assets/Meshes/arrow1.png
  artifactKey: Guid(37383216fa612974db2f96665c10bd06) Importer(815301076,1909f56bfc062723c751e8b465ee728b)
Start importing Assets/Meshes/arrow1.png using Guid(37383216fa612974db2f96665c10bd06) Importer(815301076,1909f56bfc062723c751e8b465ee728b)  -> (artifact id: 'aec0187a297af4edc65112dcdd50d954') in 0.090562 seconds 
  Import took 0.105024 seconds .

========================================================================
Received Import Request.
  Time since last request: 67.732146 seconds.
  path: Assets/Meshes/creeper_foot.png
  artifactKey: Guid(d75432ae3caedd245a0003e1b0969b86) Importer(815301076,1909f56bfc062723c751e8b465ee728b)
Start importing Assets/Meshes/creeper_foot.png using Guid(d75432ae3caedd245a0003e1b0969b86) Importer(815301076,1909f56bfc062723c751e8b465ee728b)  -> (artifact id: '3cf74aa7f194997229d165f68951a58f') in 0.022021 seconds 
  Import took 0.051906 seconds .

========================================================================
Received Import Request.
  Time since last request: 8.626435 seconds.
  path: Assets/Crepe.prefab
  artifactKey: Guid(ba5efeb927f69da44b018d9997f02103) Importer(815301076,1909f56bfc062723c751e8b465ee728b)
Start importing Assets/Crepe.prefab using Guid(ba5efeb927f69da44b018d9997f02103) Importer(815301076,1909f56bfc062723c751e8b465ee728b)  -> (artifact id: '078f04f493afb5786074bea2ce601d8b') in 0.129593 seconds 
  Import took 0.167694 seconds .

========================================================================
Received Import Request.
  Time since last request: 10.960394 seconds.
  path: Assets/Crepe.prefab
  artifactKey: Guid(ba5efeb927f69da44b018d9997f02103) Importer(815301076,1909f56bfc062723c751e8b465ee728b)
Start importing Assets/Crepe.prefab using Guid(ba5efeb927f69da44b018d9997f02103) Importer(815301076,1909f56bfc062723c751e8b465ee728b)  -> (artifact id: '20f53e2e26cc431b033b1ac4240b4110') in 0.061376 seconds 
  Import took 0.078836 seconds .

========================================================================
Received Import Request.
  Time since last request: 651.753073 seconds.
  path: Assets/Crepe.prefab
  artifactKey: Guid(ba5efeb927f69da44b018d9997f02103) Importer(815301076,1909f56bfc062723c751e8b465ee728b)
Start importing Assets/Crepe.prefab using Guid(ba5efeb927f69da44b018d9997f02103) Importer(815301076,1909f56bfc062723c751e8b465ee728b)  -> (artifact id: '4e5717eb2f6c5a7b1a16b179f8f7cdaf') in 0.078428 seconds 
  Import took 0.110064 seconds .

========================================================================
Received Prepare
Registering precompiled user dll's ...
Registered in 0.100067 seconds.
Begin MonoManager ReloadAssembly
Native extension for WindowsStandalone target not found
Native extension for WebGL target not found
Refreshing native plugins compatible for Editor in 1.57 ms, found 2 plugins.
Preloading 0 native plugins for Editor in 0.00 ms.
Mono: successfully reloaded assembly
- Completed reload, in  7.536 seconds
Domain Reload Profiling:
	ReloadAssembly (7537ms)
		BeginReloadAssembly (310ms)
			ExecutionOrderSort (0ms)
			DisableScriptedObjects (25ms)
			BackupInstance (0ms)
			ReleaseScriptingObjects (0ms)
			CreateAndSetChildDomain (113ms)
		EndReloadAssembly (7103ms)
			LoadAssemblies (192ms)
			RebuildTransferFunctionScriptingTraits (0ms)
			SetupTypeCache (1765ms)
			ReleaseScriptCaches (6ms)
			RebuildScriptCaches (597ms)
			SetupLoadedEditorAssemblies (3549ms)
				LogAssemblyErrors (0ms)
				InitializePlatformSupportModulesInManaged (13ms)
				SetLoadedEditorAssemblies (5ms)
				RefreshPlugins (2ms)
				BeforeProcessingInitializeOnLoad (421ms)
				ProcessInitializeOnLoadAttributes (3062ms)
				ProcessInitializeOnLoadMethodAttributes (19ms)
				AfterProcessingInitializeOnLoad (26ms)
				EditorAssembliesLoaded (1ms)
			ExecutionOrderSort2 (0ms)
			AwakeInstancesAfterBackupRestoration (88ms)
Platform modules already initialized, skipping
Refreshing native plugins compatible for Editor in 6.36 ms, found 2 plugins.
Preloading 0 native plugins for Editor in 0.00 ms.
Unloading 2592 Unused Serialized files (Serialized files now loaded: 0)
System memory in use before: 122.5 MB.
System memory in use after: 122.8 MB.

Unloading 14 unused Assets to reduce memory usage. Loaded Objects now: 3227.
Total: 65.796200 ms (FindLiveObjects: 7.112700 ms CreateObjectMapping: 3.364400 ms MarkObjects: 55.171400 ms  DeleteObjects: 0.143100 ms)

AssetImportParameters requested are different than current active one (requested -> active):
  custom:framework-win-MediaFoundation: 216162199b28c13a410421893ffa2e32 -> 
  custom:video-decoder-ogg-theora: a1e56fd34408186e4bbccfd4996cb3dc -> 
  custom:container-muxer-webm: aa71ff27fc2769a1b78a27578f13a17b -> 
  custom:container-demuxer-webm: 4f35f7cbe854078d1ac9338744f61a02 -> 
  custom:container-demuxer-ogg: 62fdf1f143b41e24485cea50d1cbac27 -> 
  custom:video-encoder-webm-vp8: eb34c28f22e8b96e1ab97ce403110664 -> 
  custom:video-decoder-webm-vp8: 9c59270c3fd7afecdb556c50c9e8de78 -> 
  custom:audio-decoder-ogg-vorbis: bf7c407c2cedff20999df2af8eb42d56 -> 
  custom:audio-encoder-webm-vorbis: bf7c407c2cedff20999df2af8eb42d56 -> 
AssetImportWorkerClient::OnTransportError - code=2 error=End of file
